<?xml version="1.0" encoding="UTF-8"?>
<testsuites name="Web Test" time="177.703" tests="3" failures="0" errors="0">
   <testsuite name="Web Test" tests="3" failures="0" errors="0" time="177.703" skipped="0" timestamp="27-02-2024T21:59:56" hostname="tegar - host.docker.internal" id="Test Suites/Web Test">
      <properties>
         <property name="deviceName" value=""/>
         <property name="devicePlatform" value=""/>
         <property name="logFolder" value="C:\\Users\\tegar\\Desktop\\New folder (2)\\Final Project 3\\Reports\\20240227_215943\\Web Test\\20240227_215943"/>
         <property name="logFiles" value="C:\\Users\\tegar\\Desktop\\New folder (2)\\Final Project 3\\Reports\\20240227_215943\\Web Test\\20240227_215943\\execution0.log"/>
         <property name="attachments" value="C:\\Users\\tegar\\Desktop\\New folder (2)\\Final Project 3\\Reports\\20240227_215943\\Web Test\\20240227_215943\\1709046107711.png"/>
         <property name="hostName" value="tegar - host.docker.internal"/>
         <property name="os" value="Windows 10 64bit"/>
         <property name="katalonVersion" value="9.3.0.212"/>
         <property name="browser" value="Chrome 122.0.0.0"/>
         <property name="hostAddress" value="192.168.18.26"/>
         <property name="sessionId" value="d83dd9f5973e0e4a7a62b5cae8cca7ba"/>
         <property name="seleniumVersion" value="3.141.59"/>
         <property name="proxyInformation" value="ProxyInformation { proxyOption=NO_PROXY, proxyServerType=HTTP, username=, password=********, proxyServerAddress=, proxyServerPort=0, executionList=&quot;&quot;, isApplyToDesiredCapabilities=true }"/>
         <property name="platform" value="Windows 10"/>
      </properties>
      <testcase name="Test Cases/Web Test/Login" time="38.279" classname="Test Cases/Web Test/Login" status="PASSED">
         <system-out><![CDATA[27-02-2024T21:59:56 - [TEST_CASE][PASSED] - Test Cases/Web Test/Login: Test Cases/Web Test/Login

27-02-2024T21:59:57 - [TEST_STEP][PASSED] - openBrowser(""): Browser is opened with url: ''

27-02-2024T21:59:58 - [MESSAGE][INFO] - Starting 'Chrome' driver

27-02-2024T21:59:58 - [MESSAGE][INFO] - Action delay is set to 0 milliseconds

27-02-2024T22:00:03 - [MESSAGE][PASSED] - Browser is opened with url: ''

27-02-2024T22:00:03 - [TEST_STEP][PASSED] - navigateToUrl("https://www.ebay.com/"): Navigate to 'https://www.ebay.com/' successfully

27-02-2024T22:00:21 - [MESSAGE][PASSED] - Navigate to 'https://www.ebay.com/' successfully

27-02-2024T22:00:21 - [TEST_STEP][PASSED] - click(findTestObject("Object Repository/Element/Page_Electronics, Cars, Fashion, Collectibles  More  eBay/a_Sign in")): Object: 'Object Repository/Element/Page_Electronics, Cars, Fashion, Collectibles  More  eBay/a_Sign in' is clicked on

27-02-2024T22:00:25 - [MESSAGE][PASSED] - Object: 'Object Repository/Element/Page_Electronics, Cars, Fashion, Collectibles  More  eBay/a_Sign in' is clicked on

27-02-2024T22:00:25 - [TEST_STEP][PASSED] - Login.login(): Login.login is PASSED

27-02-2024T22:00:29 - [MESSAGE][PASSED] - Text 'tegarpandji51@gmail.com' is set on object 'Object Repository/Element/Page_Sign in or Register  eBay/input_Email or username_userid'

27-02-2024T22:00:32 - [MESSAGE][PASSED] - Object: 'Object Repository/Element/Page_Sign in or Register  eBay/button_Continue' is clicked on

27-02-2024T22:00:33 - [MESSAGE][PASSED] - Text ****** has been set on object 'Object Repository/Element/Page_Sign in or Register  eBay/input_Password_pass'

27-02-2024T22:00:33 - [MESSAGE][PASSED] - Login.login is PASSED

27-02-2024T22:00:33 - [TEST_STEP][PASSED] - click(findTestObject("Object Repository/Element/Page_Sign in or Register  eBay/input_Password_show-password-checkbox")): Object: 'Object Repository/Element/Page_Sign in or Register  eBay/input_Password_show-password-checkbox' is clicked on

27-02-2024T22:00:34 - [MESSAGE][PASSED] - Object: 'Object Repository/Element/Page_Sign in or Register  eBay/input_Password_show-password-checkbox' is clicked on

27-02-2024T22:00:34 - [TEST_STEP][PASSED] - click(findTestObject("Object Repository/Element/Page_Sign in or Register  eBay/button_Sign in")): Object: 'Object Repository/Element/Page_Sign in or Register  eBay/button_Sign in' is clicked on

27-02-2024T22:00:35 - [MESSAGE][PASSED] - Object: 'Object Repository/Element/Page_Sign in or Register  eBay/button_Sign in' is clicked on]]></system-out>
         <system-err><![CDATA[]]></system-err>
      </testcase>
      <testcase name="Test Cases/Web Test/Home" time="44.738" classname="Test Cases/Web Test/Home" status="PASSED">
         <system-out><![CDATA[27-02-2024T22:00:35 - [TEST_CASE][PASSED] - Test Cases/Web Test/Home: Test Cases/Web Test/Home

27-02-2024T22:00:35 - [TEST_STEP][PASSED] - setText(findTestObject("Object Repository/Element/Page_Electronics, Cars, Fashion, Collectibles  More  eBay/input_Enter your search keyword__nkw"), "Super Sentai"): Text 'Super Sentai' is set on object 'Object Repository/Element/Page_Electronics, Cars, Fashion, Collectibles  More  eBay/input_Enter your search keyword__nkw'

27-02-2024T22:01:11 - [MESSAGE][PASSED] - Text 'Super Sentai' is set on object 'Object Repository/Element/Page_Electronics, Cars, Fashion, Collectibles  More  eBay/input_Enter your search keyword__nkw'

27-02-2024T22:01:11 - [TEST_STEP][PASSED] - click(findTestObject("Object Repository/Element/Page_Electronics, Cars, Fashion, Collectibles  More  eBay/input_Enter your search keyword_gh-btn")): Object: 'Object Repository/Element/Page_Electronics, Cars, Fashion, Collectibles  More  eBay/input_Enter your search keyword_gh-btn' is clicked on

27-02-2024T22:01:16 - [MESSAGE][PASSED] - Object: 'Object Repository/Element/Page_Electronics, Cars, Fashion, Collectibles  More  eBay/input_Enter your search keyword_gh-btn' is clicked on

27-02-2024T22:01:16 - [TEST_STEP][PASSED] - click(findTestObject("Object Repository/Element/Page_super sentai for sale  eBay/div_Bandai Super Mini Pla Shinka Gattai Kyoryu Sentai Zyuranger Daizyujin 5 Pack New (1)")): Object: 'Object Repository/Element/Page_super sentai for sale  eBay/div_Bandai Super Mini Pla Shinka Gattai Kyoryu Sentai Zyuranger Daizyujin 5 Pack New (1)' is clicked on

27-02-2024T22:01:19 - [MESSAGE][PASSED] - Object: 'Object Repository/Element/Page_super sentai for sale  eBay/div_Bandai Super Mini Pla Shinka Gattai Kyoryu Sentai Zyuranger Daizyujin 5 Pack New (1)' is clicked on]]></system-out>
         <system-err><![CDATA[]]></system-err>
      </testcase>
      <testcase name="Test Cases/Web Test/Checkout" time="66.001" classname="Test Cases/Web Test/Checkout" status="PASSED">
         <system-out><![CDATA[27-02-2024T22:01:48 - [TEST_CASE][PASSED] - Test Cases/Web Test/Checkout: Test Cases/Web Test/Checkout

27-02-2024T22:01:48 - [TEST_STEP][PASSED] - callTestCase(findTestCase("Web Test/Login"), [:], STOP_ON_FAILURE): Call Test Case 'Test Cases/Web Test/Login' successfully

27-02-2024T22:01:48 - [TEST_CASE][PASSED] - Test Cases/Web Test/Login: Test Cases/Web Test/Login

27-02-2024T22:01:48 - [TEST_STEP][PASSED] - openBrowser(""): Browser is opened with url: ''

27-02-2024T22:01:48 - [MESSAGE][WARNING] - A browser is already opened. Closing browser and opening a new one

27-02-2024T22:01:48 - [MESSAGE][INFO] - Starting 'Chrome' driver

27-02-2024T22:01:48 - [MESSAGE][INFO] - Action delay is set to 0 milliseconds

27-02-2024T22:01:50 - [MESSAGE][PASSED] - Browser is opened with url: ''

27-02-2024T22:01:50 - [TEST_STEP][PASSED] - navigateToUrl("https://www.ebay.com/"): Navigate to 'https://www.ebay.com/' successfully

27-02-2024T22:01:50 - [MESSAGE][PASSED] - Navigate to 'https://www.ebay.com/' successfully

27-02-2024T22:01:50 - [TEST_STEP][PASSED] - click(findTestObject("Object Repository/Element/Page_Electronics, Cars, Fashion, Collectibles  More  eBay/a_Sign in")): Object: 'Object Repository/Element/Page_Electronics, Cars, Fashion, Collectibles  More  eBay/a_Sign in' is clicked on

27-02-2024T22:02:15 - [MESSAGE][PASSED] - Object: 'Object Repository/Element/Page_Electronics, Cars, Fashion, Collectibles  More  eBay/a_Sign in' is clicked on

27-02-2024T22:02:15 - [TEST_STEP][PASSED] - Login.login(): Login.login is PASSED

27-02-2024T22:02:26 - [MESSAGE][PASSED] - Text 'tegarpandji51@gmail.com' is set on object 'Object Repository/Element/Page_Sign in or Register  eBay/input_Email or username_userid'

27-02-2024T22:02:27 - [MESSAGE][PASSED] - Object: 'Object Repository/Element/Page_Sign in or Register  eBay/button_Continue' is clicked on

27-02-2024T22:02:30 - [MESSAGE][PASSED] - Text ****** has been set on object 'Object Repository/Element/Page_Sign in or Register  eBay/input_Password_pass'

27-02-2024T22:02:30 - [MESSAGE][PASSED] - Login.login is PASSED

27-02-2024T22:02:30 - [TEST_STEP][PASSED] - click(findTestObject("Object Repository/Element/Page_Sign in or Register  eBay/input_Password_show-password-checkbox")): Object: 'Object Repository/Element/Page_Sign in or Register  eBay/input_Password_show-password-checkbox' is clicked on

27-02-2024T22:02:31 - [MESSAGE][PASSED] - Object: 'Object Repository/Element/Page_Sign in or Register  eBay/input_Password_show-password-checkbox' is clicked on

27-02-2024T22:02:31 - [TEST_STEP][PASSED] - click(findTestObject("Object Repository/Element/Page_Sign in or Register  eBay/button_Sign in")): Object: 'Object Repository/Element/Page_Sign in or Register  eBay/button_Sign in' is clicked on

27-02-2024T22:02:32 - [MESSAGE][PASSED] - Object: 'Object Repository/Element/Page_Sign in or Register  eBay/button_Sign in' is clicked on

27-02-2024T22:02:32 - [MESSAGE][PASSED] - Call Test Case 'Test Cases/Web Test/Login' successfully

27-02-2024T22:02:32 - [TEST_STEP][PASSED] - callTestCase(findTestCase("Web Test/Home"), [:], STOP_ON_FAILURE): Call Test Case 'Test Cases/Web Test/Home' successfully

27-02-2024T22:02:32 - [TEST_CASE][PASSED] - Test Cases/Web Test/Home: Test Cases/Web Test/Home

27-02-2024T22:02:32 - [TEST_STEP][PASSED] - setText(findTestObject("Object Repository/Element/Page_Electronics, Cars, Fashion, Collectibles  More  eBay/input_Enter your search keyword__nkw"), "Super Sentai"): Text 'Super Sentai' is set on object 'Object Repository/Element/Page_Electronics, Cars, Fashion, Collectibles  More  eBay/input_Enter your search keyword__nkw'

27-02-2024T22:02:37 - [MESSAGE][PASSED] - Text 'Super Sentai' is set on object 'Object Repository/Element/Page_Electronics, Cars, Fashion, Collectibles  More  eBay/input_Enter your search keyword__nkw'

27-02-2024T22:02:37 - [TEST_STEP][PASSED] - click(findTestObject("Object Repository/Element/Page_Electronics, Cars, Fashion, Collectibles  More  eBay/input_Enter your search keyword_gh-btn")): Object: 'Object Repository/Element/Page_Electronics, Cars, Fashion, Collectibles  More  eBay/input_Enter your search keyword_gh-btn' is clicked on

27-02-2024T22:02:41 - [MESSAGE][PASSED] - Object: 'Object Repository/Element/Page_Electronics, Cars, Fashion, Collectibles  More  eBay/input_Enter your search keyword_gh-btn' is clicked on

27-02-2024T22:02:41 - [TEST_STEP][PASSED] - click(findTestObject("Object Repository/Element/Page_super sentai for sale  eBay/div_Bandai Super Mini Pla Shinka Gattai Kyoryu Sentai Zyuranger Daizyujin 5 Pack New (1)")): Object: 'Object Repository/Element/Page_super sentai for sale  eBay/div_Bandai Super Mini Pla Shinka Gattai Kyoryu Sentai Zyuranger Daizyujin 5 Pack New (1)' is clicked on

27-02-2024T22:02:44 - [MESSAGE][PASSED] - Object: 'Object Repository/Element/Page_super sentai for sale  eBay/div_Bandai Super Mini Pla Shinka Gattai Kyoryu Sentai Zyuranger Daizyujin 5 Pack New (1)' is clicked on

27-02-2024T22:02:44 - [MESSAGE][PASSED] - Call Test Case 'Test Cases/Web Test/Home' successfully

27-02-2024T22:02:44 - [TEST_STEP][PASSED] - switchToWindowTitle("Bandai Super Mini Pla Shinka Gattai Kyoryu Sentai Zyuranger Daizyujin 5 Pack New | eBay"): Switched to window with title: 'Bandai Super Mini Pla Shinka Gattai Kyoryu Sentai Zyuranger Daizyujin 5 Pack New | eBay'

27-02-2024T22:02:47 - [MESSAGE][PASSED] - Switched to window with title: 'Bandai Super Mini Pla Shinka Gattai Kyoryu Sentai Zyuranger Daizyujin 5 Pack New | eBay'

27-02-2024T22:02:47 - [TEST_STEP][PASSED] - click(findTestObject("Object Repository/Element/Page_Bandai Super Mini Pla Shinka Gattai Ky_b31ac9/span_Add to cart")): Object: 'Object Repository/Element/Page_Bandai Super Mini Pla Shinka Gattai Ky_b31ac9/span_Add to cart' is clicked on

27-02-2024T22:02:51 - [MESSAGE][PASSED] - Object: 'Object Repository/Element/Page_Bandai Super Mini Pla Shinka Gattai Ky_b31ac9/span_Add to cart' is clicked on

27-02-2024T22:02:51 - [TEST_STEP][PASSED] - click(findTestObject("Object Repository/Element/Page_eBay shopping cart (1)/button_Go to checkout")): Object: 'Object Repository/Element/Page_eBay shopping cart (1)/button_Go to checkout' is clicked on

27-02-2024T22:02:54 - [MESSAGE][PASSED] - Object: 'Object Repository/Element/Page_eBay shopping cart (1)/button_Go to checkout' is clicked on]]></system-out>
         <system-err><![CDATA[]]></system-err>
      </testcase>
      <system-out><![CDATA[27-02-2024T21:59:56 - [TEST_SUITE][FAILED] - Web Test: Test Cases/Web Test/Checkout FAILED.
Reason:
com.kms.katalon.core.exception.StepFailedException: Call Test Case 'Test Cases/Web Test/Login' failed
	at com.kms.katalon.core.keyword.builtin.CallTestCaseKeyword$_callTestCase_closure1.doCall(CallTestCaseKeyword.groovy:63)
	at com.kms.katalon.core.keyword.builtin.CallTestCaseKeyword$_callTestCase_closure1.call(CallTestCaseKeyword.groovy)
	at com.kms.katalon.core.keyword.internal.KeywordMain.runKeyword(KeywordMain.groovy:75)
	at com.kms.katalon.core.keyword.builtin.CallTestCaseKeyword.callTestCase(CallTestCaseKeyword.groovy:81)
	at com.kms.katalon.core.keyword.builtin.CallTestCaseKeyword.execute(CallTestCaseKeyword.groovy:44)
	at com.kms.katalon.core.keyword.internal.KeywordExecutor.executeKeywordForPlatform(KeywordExecutor.groovy:74)
	at com.kms.katalon.core.keyword.BuiltinKeywords.callTestCase(BuiltinKeywords.groovy:310)
	at java.base/jdk.internal.reflect.NativeMethodAccessorImpl.invoke0(Native Method)
	at java.base/jdk.internal.reflect.NativeMethodAccessorImpl.invoke(NativeMethodAccessorImpl.java:77)
	at java.base/jdk.internal.reflect.DelegatingMethodAccessorImpl.invoke(DelegatingMethodAccessorImpl.java:43)
	at Checkout.run(Checkout:20)
	at com.kms.katalon.core.main.ScriptEngine.run(ScriptEngine.java:194)
	at com.kms.katalon.core.main.ScriptEngine.runScriptAsRawText(ScriptEngine.java:119)
	at com.kms.katalon.core.main.TestCaseExecutor.runScript(TestCaseExecutor.java:448)
	at com.kms.katalon.core.main.TestCaseExecutor.doExecute(TestCaseExecutor.java:439)
	at com.kms.katalon.core.main.TestCaseExecutor.processExecutionPhase(TestCaseExecutor.java:418)
	at com.kms.katalon.core.main.TestCaseExecutor.accessMainPhase(TestCaseExecutor.java:410)
	at com.kms.katalon.core.main.TestCaseExecutor.execute(TestCaseExecutor.java:285)
	at com.kms.katalon.core.common.CommonExecutor.accessTestCaseMainPhase(CommonExecutor.java:65)
	at com.kms.katalon.core.main.TestSuiteExecutor.accessTestSuiteMainPhase(TestSuiteExecutor.java:148)
	at com.kms.katalon.core.main.TestSuiteExecutor.execute(TestSuiteExecutor.java:106)
	at com.kms.katalon.core.main.TestCaseMain.startTestSuite(TestCaseMain.java:180)
	at TempTestSuite1709045983625.run(TempTestSuite1709045983625.groovy:36)
	at java.base/jdk.internal.reflect.NativeMethodAccessorImpl.invoke0(Native Method)
	at java.base/jdk.internal.reflect.NativeMethodAccessorImpl.invoke(NativeMethodAccessorImpl.java:77)
	at java.base/jdk.internal.reflect.DelegatingMethodAccessorImpl.invoke(DelegatingMethodAccessorImpl.java:43)
Caused by: com.kms.katalon.core.exception.StepFailedException: Unable to click on object 'Object Repository/Element/Page_Electronics, Cars, Fashion, Collectibles  More  eBay/a_Sign in'
	at com.kms.katalon.core.webui.keyword.internal.WebUIKeywordMain.stepFailed(WebUIKeywordMain.groovy:64)
	at com.kms.katalon.core.webui.keyword.internal.WebUIKeywordMain.runKeyword(WebUIKeywordMain.groovy:26)
	at com.kms.katalon.core.webui.keyword.builtin.ClickKeyword.click(ClickKeyword.groovy:74)
	at com.kms.katalon.core.webui.keyword.builtin.ClickKeyword.execute(ClickKeyword.groovy:40)
	at com.kms.katalon.core.keyword.internal.KeywordExecutor.executeKeywordForPlatform(KeywordExecutor.groovy:74)
	at com.kms.katalon.core.webui.keyword.WebUiBuiltInKeywords.click(WebUiBuiltInKeywords.groovy:659)
	at Login.run(Login:24)
	at com.kms.katalon.core.main.ScriptEngine.run(ScriptEngine.java:194)
	at com.kms.katalon.core.main.ScriptEngine.runScriptAsRawText(ScriptEngine.java:119)
	at com.kms.katalon.core.main.TestCaseExecutor.runScript(TestCaseExecutor.java:448)
	at com.kms.katalon.core.main.TestCaseExecutor.doExecute(TestCaseExecutor.java:439)
	at com.kms.katalon.core.main.TestCaseExecutor.processExecutionPhase(TestCaseExecutor.java:418)
	at com.kms.katalon.core.main.TestCaseExecutor.accessMainPhase(TestCaseExecutor.java:410)
	at com.kms.katalon.core.main.TestCaseExecutor.execute(TestCaseExecutor.java:285)
	at com.kms.katalon.core.main.TestCaseMain.runTestCase(TestCaseMain.java:137)
	at com.kms.katalon.core.keyword.builtin.CallTestCaseKeyword$_callTestCase_closure1.doCall(CallTestCaseKeyword.groovy:59)
	... 25 more
Caused by: org.openqa.selenium.ElementNotInteractableException: element not interactable
  (Session info: chrome=122.0.6261.69)
Build info: version: '3.141.59', revision: 'e82be7d358', time: '2018-11-14T08:25:53'
System info: host: 'DESKTOP-FCAA63N', ip: '192.168.18.26', os.name: 'Windows 10', os.arch: 'amd64', os.version: '10.0', java.version: '17.0.7'
Driver info: com.kms.katalon.selenium.driver.CChromeDriver
Capabilities {acceptInsecureCerts: false, browserName: chrome, browserVersion: 122.0.6261.69, chrome: {chromedriverVersion: 121.0.6167.85 (3f98d690ad7e..., userDataDir: C:\Users\tegar\AppData\Loca...}, fedcm:accounts: true, goog:chromeOptions: {debuggerAddress: localhost:52679}, javascriptEnabled: true, networkConnectionEnabled: false, pageLoadStrategy: normal, platform: WINDOWS, platformName: WINDOWS, proxy: Proxy(), setWindowRect: true, strictFileInteractability: false, timeouts: {implicit: 0, pageLoad: 300000, script: 30000}, unhandledPromptBehavior: dismiss and notify, webauthn:extension:credBlob: true, webauthn:extension:largeBlob: true, webauthn:extension:minPinLength: true, webauthn:extension:prf: true, webauthn:virtualAuthenticators: true}
Session ID: 601dbdaf5f9453d1c400258ee157c6f3
	at java.base/jdk.internal.reflect.NativeConstructorAccessorImpl.newInstance0(Native Method)
	at java.base/jdk.internal.reflect.NativeConstructorAccessorImpl.newInstance(NativeConstructorAccessorImpl.java:77)
	at java.base/jdk.internal.reflect.DelegatingConstructorAccessorImpl.newInstance(DelegatingConstructorAccessorImpl.java:45)
	at org.openqa.selenium.remote.http.W3CHttpResponseCodec.createException(W3CHttpResponseCodec.java:187)
	at org.openqa.selenium.remote.http.W3CHttpResponseCodec.decode(W3CHttpResponseCodec.java:122)
	at org.openqa.selenium.remote.http.W3CHttpResponseCodec.decode(W3CHttpResponseCodec.java:49)
	at org.openqa.selenium.remote.HttpCommandExecutor.execute(HttpCommandExecutor.java:158)
	at org.openqa.selenium.remote.service.DriverCommandExecutor.execute(DriverCommandExecutor.java:83)
	at org.openqa.selenium.remote.RemoteWebDriver.execute(RemoteWebDriver.java:552)
	at com.kms.katalon.selenium.driver.CChromeDriver.execute(CChromeDriver.java:19)
	at org.openqa.selenium.remote.RemoteWebElement.execute(RemoteWebElement.java:285)
	at org.openqa.selenium.remote.RemoteWebElement.click(RemoteWebElement.java:84)
	at java.base/jdk.internal.reflect.NativeMethodAccessorImpl.invoke0(Native Method)
	at java.base/jdk.internal.reflect.NativeMethodAccessorImpl.invoke(NativeMethodAccessorImpl.java:77)
	at java.base/jdk.internal.reflect.DelegatingMethodAccessorImpl.invoke(DelegatingMethodAccessorImpl.java:43)
	at org.openqa.selenium.support.events.EventFiringWebDriver$EventFiringWebElement.lambda$new$0(EventFiringWebDriver.java:404)
	at jdk.proxy2/jdk.proxy2.$Proxy24.click(Unknown Source)
	at org.openqa.selenium.support.events.EventFiringWebDriver$EventFiringWebElement.click(EventFiringWebDriver.java:417)
	at org.openqa.selenium.WebElement$click.call(Unknown Source)
	at com.kms.katalon.core.webui.keyword.builtin.ClickKeyword.clickUntilSuccessWithTimeout(ClickKeyword.groovy:81)
	at com.kms.katalon.core.webui.keyword.builtin.ClickKeyword.clickUntilSuccessWithTimeout(ClickKeyword.groovy)
	at java.base/jdk.internal.reflect.NativeMethodAccessorImpl.invoke0(Native Method)
	at java.base/jdk.internal.reflect.NativeMethodAccessorImpl.invoke(NativeMethodAccessorImpl.java:77)
	at java.base/jdk.internal.reflect.DelegatingMethodAccessorImpl.invoke(DelegatingMethodAccessorImpl.java:43)
	at com.kms.katalon.core.webui.keyword.builtin.ClickKeyword$_click_closure1.doCall(ClickKeyword.groovy:67)
	at com.kms.katalon.core.webui.keyword.builtin.ClickKeyword$_click_closure1.call(ClickKeyword.groovy)
	at com.kms.katalon.core.webui.keyword.internal.WebUIKeywordMain.runKeyword(WebUIKeywordMain.groovy:20)
	... 39 more]]></system-out>
      <system-err><![CDATA[27-02-2024T21:59:56 - [TEST_SUITE][FAILED] - Web Test: Test Cases/Web Test/Checkout FAILED.
Reason:
com.kms.katalon.core.exception.StepFailedException: Call Test Case 'Test Cases/Web Test/Login' failed
	at com.kms.katalon.core.keyword.builtin.CallTestCaseKeyword$_callTestCase_closure1.doCall(CallTestCaseKeyword.groovy:63)
	at com.kms.katalon.core.keyword.builtin.CallTestCaseKeyword$_callTestCase_closure1.call(CallTestCaseKeyword.groovy)
	at com.kms.katalon.core.keyword.internal.KeywordMain.runKeyword(KeywordMain.groovy:75)
	at com.kms.katalon.core.keyword.builtin.CallTestCaseKeyword.callTestCase(CallTestCaseKeyword.groovy:81)
	at com.kms.katalon.core.keyword.builtin.CallTestCaseKeyword.execute(CallTestCaseKeyword.groovy:44)
	at com.kms.katalon.core.keyword.internal.KeywordExecutor.executeKeywordForPlatform(KeywordExecutor.groovy:74)
	at com.kms.katalon.core.keyword.BuiltinKeywords.callTestCase(BuiltinKeywords.groovy:310)
	at java.base/jdk.internal.reflect.NativeMethodAccessorImpl.invoke0(Native Method)
	at java.base/jdk.internal.reflect.NativeMethodAccessorImpl.invoke(NativeMethodAccessorImpl.java:77)
	at java.base/jdk.internal.reflect.DelegatingMethodAccessorImpl.invoke(DelegatingMethodAccessorImpl.java:43)
	at Checkout.run(Checkout:20)
	at com.kms.katalon.core.main.ScriptEngine.run(ScriptEngine.java:194)
	at com.kms.katalon.core.main.ScriptEngine.runScriptAsRawText(ScriptEngine.java:119)
	at com.kms.katalon.core.main.TestCaseExecutor.runScript(TestCaseExecutor.java:448)
	at com.kms.katalon.core.main.TestCaseExecutor.doExecute(TestCaseExecutor.java:439)
	at com.kms.katalon.core.main.TestCaseExecutor.processExecutionPhase(TestCaseExecutor.java:418)
	at com.kms.katalon.core.main.TestCaseExecutor.accessMainPhase(TestCaseExecutor.java:410)
	at com.kms.katalon.core.main.TestCaseExecutor.execute(TestCaseExecutor.java:285)
	at com.kms.katalon.core.common.CommonExecutor.accessTestCaseMainPhase(CommonExecutor.java:65)
	at com.kms.katalon.core.main.TestSuiteExecutor.accessTestSuiteMainPhase(TestSuiteExecutor.java:148)
	at com.kms.katalon.core.main.TestSuiteExecutor.execute(TestSuiteExecutor.java:106)
	at com.kms.katalon.core.main.TestCaseMain.startTestSuite(TestCaseMain.java:180)
	at TempTestSuite1709045983625.run(TempTestSuite1709045983625.groovy:36)
	at java.base/jdk.internal.reflect.NativeMethodAccessorImpl.invoke0(Native Method)
	at java.base/jdk.internal.reflect.NativeMethodAccessorImpl.invoke(NativeMethodAccessorImpl.java:77)
	at java.base/jdk.internal.reflect.DelegatingMethodAccessorImpl.invoke(DelegatingMethodAccessorImpl.java:43)
Caused by: com.kms.katalon.core.exception.StepFailedException: Unable to click on object 'Object Repository/Element/Page_Electronics, Cars, Fashion, Collectibles  More  eBay/a_Sign in'
	at com.kms.katalon.core.webui.keyword.internal.WebUIKeywordMain.stepFailed(WebUIKeywordMain.groovy:64)
	at com.kms.katalon.core.webui.keyword.internal.WebUIKeywordMain.runKeyword(WebUIKeywordMain.groovy:26)
	at com.kms.katalon.core.webui.keyword.builtin.ClickKeyword.click(ClickKeyword.groovy:74)
	at com.kms.katalon.core.webui.keyword.builtin.ClickKeyword.execute(ClickKeyword.groovy:40)
	at com.kms.katalon.core.keyword.internal.KeywordExecutor.executeKeywordForPlatform(KeywordExecutor.groovy:74)
	at com.kms.katalon.core.webui.keyword.WebUiBuiltInKeywords.click(WebUiBuiltInKeywords.groovy:659)
	at Login.run(Login:24)
	at com.kms.katalon.core.main.ScriptEngine.run(ScriptEngine.java:194)
	at com.kms.katalon.core.main.ScriptEngine.runScriptAsRawText(ScriptEngine.java:119)
	at com.kms.katalon.core.main.TestCaseExecutor.runScript(TestCaseExecutor.java:448)
	at com.kms.katalon.core.main.TestCaseExecutor.doExecute(TestCaseExecutor.java:439)
	at com.kms.katalon.core.main.TestCaseExecutor.processExecutionPhase(TestCaseExecutor.java:418)
	at com.kms.katalon.core.main.TestCaseExecutor.accessMainPhase(TestCaseExecutor.java:410)
	at com.kms.katalon.core.main.TestCaseExecutor.execute(TestCaseExecutor.java:285)
	at com.kms.katalon.core.main.TestCaseMain.runTestCase(TestCaseMain.java:137)
	at com.kms.katalon.core.keyword.builtin.CallTestCaseKeyword$_callTestCase_closure1.doCall(CallTestCaseKeyword.groovy:59)
	... 25 more
Caused by: org.openqa.selenium.ElementNotInteractableException: element not interactable
  (Session info: chrome=122.0.6261.69)
Build info: version: '3.141.59', revision: 'e82be7d358', time: '2018-11-14T08:25:53'
System info: host: 'DESKTOP-FCAA63N', ip: '192.168.18.26', os.name: 'Windows 10', os.arch: 'amd64', os.version: '10.0', java.version: '17.0.7'
Driver info: com.kms.katalon.selenium.driver.CChromeDriver
Capabilities {acceptInsecureCerts: false, browserName: chrome, browserVersion: 122.0.6261.69, chrome: {chromedriverVersion: 121.0.6167.85 (3f98d690ad7e..., userDataDir: C:\Users\tegar\AppData\Loca...}, fedcm:accounts: true, goog:chromeOptions: {debuggerAddress: localhost:52679}, javascriptEnabled: true, networkConnectionEnabled: false, pageLoadStrategy: normal, platform: WINDOWS, platformName: WINDOWS, proxy: Proxy(), setWindowRect: true, strictFileInteractability: false, timeouts: {implicit: 0, pageLoad: 300000, script: 30000}, unhandledPromptBehavior: dismiss and notify, webauthn:extension:credBlob: true, webauthn:extension:largeBlob: true, webauthn:extension:minPinLength: true, webauthn:extension:prf: true, webauthn:virtualAuthenticators: true}
Session ID: 601dbdaf5f9453d1c400258ee157c6f3
	at java.base/jdk.internal.reflect.NativeConstructorAccessorImpl.newInstance0(Native Method)
	at java.base/jdk.internal.reflect.NativeConstructorAccessorImpl.newInstance(NativeConstructorAccessorImpl.java:77)
	at java.base/jdk.internal.reflect.DelegatingConstructorAccessorImpl.newInstance(DelegatingConstructorAccessorImpl.java:45)
	at org.openqa.selenium.remote.http.W3CHttpResponseCodec.createException(W3CHttpResponseCodec.java:187)
	at org.openqa.selenium.remote.http.W3CHttpResponseCodec.decode(W3CHttpResponseCodec.java:122)
	at org.openqa.selenium.remote.http.W3CHttpResponseCodec.decode(W3CHttpResponseCodec.java:49)
	at org.openqa.selenium.remote.HttpCommandExecutor.execute(HttpCommandExecutor.java:158)
	at org.openqa.selenium.remote.service.DriverCommandExecutor.execute(DriverCommandExecutor.java:83)
	at org.openqa.selenium.remote.RemoteWebDriver.execute(RemoteWebDriver.java:552)
	at com.kms.katalon.selenium.driver.CChromeDriver.execute(CChromeDriver.java:19)
	at org.openqa.selenium.remote.RemoteWebElement.execute(RemoteWebElement.java:285)
	at org.openqa.selenium.remote.RemoteWebElement.click(RemoteWebElement.java:84)
	at java.base/jdk.internal.reflect.NativeMethodAccessorImpl.invoke0(Native Method)
	at java.base/jdk.internal.reflect.NativeMethodAccessorImpl.invoke(NativeMethodAccessorImpl.java:77)
	at java.base/jdk.internal.reflect.DelegatingMethodAccessorImpl.invoke(DelegatingMethodAccessorImpl.java:43)
	at org.openqa.selenium.support.events.EventFiringWebDriver$EventFiringWebElement.lambda$new$0(EventFiringWebDriver.java:404)
	at jdk.proxy2/jdk.proxy2.$Proxy24.click(Unknown Source)
	at org.openqa.selenium.support.events.EventFiringWebDriver$EventFiringWebElement.click(EventFiringWebDriver.java:417)
	at org.openqa.selenium.WebElement$click.call(Unknown Source)
	at com.kms.katalon.core.webui.keyword.builtin.ClickKeyword.clickUntilSuccessWithTimeout(ClickKeyword.groovy:81)
	at com.kms.katalon.core.webui.keyword.builtin.ClickKeyword.clickUntilSuccessWithTimeout(ClickKeyword.groovy)
	at java.base/jdk.internal.reflect.NativeMethodAccessorImpl.invoke0(Native Method)
	at java.base/jdk.internal.reflect.NativeMethodAccessorImpl.invoke(NativeMethodAccessorImpl.java:77)
	at java.base/jdk.internal.reflect.DelegatingMethodAccessorImpl.invoke(DelegatingMethodAccessorImpl.java:43)
	at com.kms.katalon.core.webui.keyword.builtin.ClickKeyword$_click_closure1.doCall(ClickKeyword.groovy:67)
	at com.kms.katalon.core.webui.keyword.builtin.ClickKeyword$_click_closure1.call(ClickKeyword.groovy)
	at com.kms.katalon.core.webui.keyword.internal.WebUIKeywordMain.runKeyword(WebUIKeywordMain.groovy:20)
	... 39 more]]></system-err>
   </testsuite>
</testsuites>
